[debug] [2022-01-18T16:08:26.297Z] ----------------------------------------------------------------------
[debug] [2022-01-18T16:08:26.299Z] Command:       C:\Program Files\nodejs\node.exe C:\Users\jonny\AppData\Roaming\npm\node_modules\firebase-tools\lib\bin\firebase.js deploy
[debug] [2022-01-18T16:08:26.299Z] CLI Version:   9.23.3
[debug] [2022-01-18T16:08:26.300Z] Platform:      win32
[debug] [2022-01-18T16:08:26.300Z] Node Version:  v16.13.0
[debug] [2022-01-18T16:08:26.303Z] Time:          Tue Jan 18 2022 10:08:26 GMT-0600 (Central Standard Time)
[debug] [2022-01-18T16:08:26.303Z] ----------------------------------------------------------------------
[debug] 
[debug] [2022-01-18T16:08:26.364Z] > command requires scopes: ["email","openid","https://www.googleapis.com/auth/cloudplatformprojects.readonly","https://www.googleapis.com/auth/firebase","https://www.googleapis.com/auth/cloud-platform"]
[debug] [2022-01-18T16:08:26.365Z] > authorizing via signed-in user (jonnybio8219@gmail.com)
[debug] [2022-01-18T16:08:26.365Z] [iam] checking project art-association-982df for permissions ["firebase.projects.get","firebasehosting.sites.update"]
[debug] [2022-01-18T16:08:26.367Z] > refreshing access token with scopes: ["email","https://www.googleapis.com/auth/cloud-platform","https://www.googleapis.com/auth/cloudplatformprojects.readonly","https://www.googleapis.com/auth/firebase","openid"]
[debug] [2022-01-18T16:08:26.368Z] >>> HTTP REQUEST POST https://www.googleapis.com/oauth2/v3/token  
 <request body omitted>
[debug] [2022-01-18T16:08:26.492Z] <<< HTTP RESPONSE 200 {"cache-control":"no-cache, no-store, max-age=0, must-revalidate","date":"Tue, 18 Jan 2022 16:08:48 GMT","pragma":"no-cache","expires":"Mon, 01 Jan 1990 00:00:00 GMT","content-type":"application/json; charset=utf-8","vary":"X-Origin, Referer, Origin,Accept-Encoding","server":"scaffolding on HTTPServer2","x-xss-protection":"0","x-frame-options":"SAMEORIGIN","x-content-type-options":"nosniff","alt-svc":"h3=\":443\"; ma=2592000,h3-29=\":443\"; ma=2592000,h3-Q050=\":443\"; ma=2592000,h3-Q046=\":443\"; ma=2592000,h3-Q043=\":443\"; ma=2592000,quic=\":443\"; ma=2592000; v=\"46,43\"","accept-ranges":"none","transfer-encoding":"chunked"}
[debug] [2022-01-18T16:08:26.501Z] >>> HTTP REQUEST POST https://cloudresourcemanager.googleapis.com/v1/projects/art-association-982df:testIamPermissions  
 {"permissions":["firebase.projects.get","firebasehosting.sites.update"]}
[debug] [2022-01-18T16:08:26.669Z] <<< HTTP RESPONSE 200 {"content-type":"application/json; charset=UTF-8","vary":"X-Origin, Referer, Origin,Accept-Encoding","date":"Tue, 18 Jan 2022 16:08:48 GMT","server":"ESF","cache-control":"private","x-xss-protection":"0","x-frame-options":"SAMEORIGIN","x-content-type-options":"nosniff","server-timing":"gfet4t7; dur=78","alt-svc":"h3=\":443\"; ma=2592000,h3-29=\":443\"; ma=2592000,h3-Q050=\":443\"; ma=2592000,h3-Q046=\":443\"; ma=2592000,h3-Q043=\":443\"; ma=2592000,quic=\":443\"; ma=2592000; v=\"46,43\"","accept-ranges":"none","transfer-encoding":"chunked"}
[debug] [2022-01-18T16:08:26.671Z] > refreshing access token with scopes: []
[debug] [2022-01-18T16:08:26.672Z] >>> HTTP REQUEST POST https://www.googleapis.com/oauth2/v3/token  
 <request body omitted>
[debug] [2022-01-18T16:08:26.765Z] <<< HTTP RESPONSE 200 {"pragma":"no-cache","cache-control":"no-cache, no-store, max-age=0, must-revalidate","expires":"Mon, 01 Jan 1990 00:00:00 GMT","date":"Tue, 18 Jan 2022 16:08:48 GMT","content-type":"application/json; charset=utf-8","vary":"X-Origin, Referer, Origin,Accept-Encoding","server":"scaffolding on HTTPServer2","x-xss-protection":"0","x-frame-options":"SAMEORIGIN","x-content-type-options":"nosniff","alt-svc":"h3=\":443\"; ma=2592000,h3-29=\":443\"; ma=2592000,h3-Q050=\":443\"; ma=2592000,h3-Q046=\":443\"; ma=2592000,h3-Q043=\":443\"; ma=2592000,quic=\":443\"; ma=2592000; v=\"46,43\"","accept-ranges":"none","transfer-encoding":"chunked"}
[debug] [2022-01-18T16:08:26.775Z] >>> [apiv2][query] GET https://firebase.googleapis.com/v1beta1/projects/art-association-982df [none]
[debug] [2022-01-18T16:08:27.036Z] <<< [apiv2][status] GET https://firebase.googleapis.com/v1beta1/projects/art-association-982df 200
[debug] [2022-01-18T16:08:27.036Z] <<< [apiv2][body] GET https://firebase.googleapis.com/v1beta1/projects/art-association-982df {"projectId":"art-association-982df","projectNumber":"281008229836","displayName":"art-association","name":"projects/art-association-982df","resources":{"hostingSite":"art-association-982df","realtimeDatabaseInstance":"art-association-982df-default-rtdb","storageBucket":"art-association-982df.appspot.com","locationId":"us-central"},"state":"ACTIVE"}
[info] 
[info] === Deploying to 'art-association-982df'...
[info] 
[info] i  deploying hosting 
[debug] [2022-01-18T16:08:27.041Z] > refreshing access token with scopes: ["email","https://www.googleapis.com/auth/cloud-platform","https://www.googleapis.com/auth/cloudplatformprojects.readonly","https://www.googleapis.com/auth/firebase","openid"]
[debug] [2022-01-18T16:08:27.041Z] >>> HTTP REQUEST POST https://www.googleapis.com/oauth2/v3/token  
 <request body omitted>
[debug] [2022-01-18T16:08:27.131Z] <<< HTTP RESPONSE 200 {"pragma":"no-cache","date":"Tue, 18 Jan 2022 16:08:48 GMT","cache-control":"no-cache, no-store, max-age=0, must-revalidate","expires":"Mon, 01 Jan 1990 00:00:00 GMT","content-type":"application/json; charset=utf-8","vary":"X-Origin, Referer, Origin,Accept-Encoding","server":"scaffolding on HTTPServer2","x-xss-protection":"0","x-frame-options":"SAMEORIGIN","x-content-type-options":"nosniff","alt-svc":"h3=\":443\"; ma=2592000,h3-29=\":443\"; ma=2592000,h3-Q050=\":443\"; ma=2592000,h3-Q046=\":443\"; ma=2592000,h3-Q043=\":443\"; ma=2592000,quic=\":443\"; ma=2592000; v=\"46,43\"","accept-ranges":"none","transfer-encoding":"chunked"}
[debug] [2022-01-18T16:08:27.138Z] >>> HTTP REQUEST POST https://firebasehosting.googleapis.com/v1beta1/sites/art-association-982df/versions  
 {"config":{"rewrites":[{"glob":"**","path":"/index.html"}]},"labels":{"deployment-tool":"cli-firebase"}}
[debug] [2022-01-18T16:08:27.604Z] <<< HTTP RESPONSE 200 {"content-type":"application/json; charset=UTF-8","vary":"X-Origin, Referer, Origin,Accept-Encoding","date":"Tue, 18 Jan 2022 16:08:49 GMT","server":"ESF","cache-control":"private","x-xss-protection":"0","x-frame-options":"SAMEORIGIN","x-content-type-options":"nosniff","alt-svc":"h3=\":443\"; ma=2592000,h3-29=\":443\"; ma=2592000,h3-Q050=\":443\"; ma=2592000,h3-Q046=\":443\"; ma=2592000,h3-Q043=\":443\"; ma=2592000,quic=\":443\"; ma=2592000; v=\"46,43\"","accept-ranges":"none","transfer-encoding":"chunked"}
[info] i  hosting[art-association-982df]: beginning deploy... 
[info] i  hosting[art-association-982df]: found 43 files in build 
[debug] [2022-01-18T16:08:28.543Z] > refreshing access token with scopes: []
[debug] [2022-01-18T16:08:28.543Z] >>> HTTP REQUEST POST https://www.googleapis.com/oauth2/v3/token  
 <request body omitted>
[debug] [2022-01-18T16:08:28.547Z] [hosting] hash cache [YnVpbGQ] stored for 43 files
[debug] [2022-01-18T16:08:28.547Z] [hosting][hash queue][FINAL] {"max":805,"min":50,"avg":166,"active":0,"complete":43,"success":43,"errored":0,"retried":0,"total":43,"elapsed":869}
[debug] [2022-01-18T16:08:28.665Z] <<< HTTP RESPONSE 200 {"pragma":"no-cache","cache-control":"no-cache, no-store, max-age=0, must-revalidate","expires":"Mon, 01 Jan 1990 00:00:00 GMT","date":"Tue, 18 Jan 2022 16:08:50 GMT","content-type":"application/json; charset=utf-8","vary":"X-Origin, Referer, Origin,Accept-Encoding","server":"scaffolding on HTTPServer2","x-xss-protection":"0","x-frame-options":"SAMEORIGIN","x-content-type-options":"nosniff","alt-svc":"h3=\":443\"; ma=2592000,h3-29=\":443\"; ma=2592000,h3-Q050=\":443\"; ma=2592000,h3-Q046=\":443\"; ma=2592000,h3-Q043=\":443\"; ma=2592000,quic=\":443\"; ma=2592000; v=\"46,43\"","accept-ranges":"none","transfer-encoding":"chunked"}
[debug] [2022-01-18T16:08:28.673Z] >>> [apiv2][query] POST https://firebasehosting.googleapis.com/v1beta1/sites/art-association-982df/versions/d2cb905993a21039:populateFiles [none]
[debug] [2022-01-18T16:08:28.673Z] >>> [apiv2][body] POST https://firebasehosting.googleapis.com/v1beta1/sites/art-association-982df/versions/d2cb905993a21039:populateFiles {"files":{"/logo.png":"97bf5def81b90d1a91f77321e37309f6d8a0c0303a78a90e583b9fb12f21e820\r","/manifest.json":"ca2450568779f36865ee87fe8010d10f6bde98ea3941b59a97391df1d2ab52c7","/robots.txt":"bfe106a3fb878dc83461c86818bf74fc1bdc7f28538ba613cd3e775516ce8b49\r","/asset-manifest.json":"9b933c2cc84811ce9ec2c1d5c1ade7f404e39afc510068408d84ab7a55bf08d6","/index.html":"d24da8eb7bd6f1b77ece49c0d130e5204b475c832f5626f82e21ac319148fdcc","/static/js/787.76826462.chunk.js":"72bc07fa3b1a058db04843fe11bab5456e5e19d7666e2218e35dd23b7233207f","/static/css/main.641e2468.css":"204979033d2ee866245fde60e5c2569a1d8df86bd969345c2418bf032cb10f39","/static/css/main.641e2468.css.map":"c79028f464fdf2aa69bb007932948dcb1a71947e58559237978d613742d4a1e5","/static/js/787.76826462.chunk.js.map":"f93cbf8d45c8f5c76b2d3837c4254140142c52a2272b694975dbc9b1ed290b15","/static/js/main.6dfc34ec.js.LICENSE.txt":"ff6e1e979db9369a9f7416a242049ffecf6a913bd1a6c3b5da956e28224606d9","/static/media/guitarist.2ad62e4ef4b39b6d3b4d.jpg":"d9ed5b6c3df9d20fd5c4d2bfe9c593de06be7f235a7e73ad54746128efe2982a","/static/media/01.51142152958c1979b5c7.jpg":"9bb657a7e6aa3a1642d5b6ab00577a4654ff5b5ee605900e431324b5331170a4","/static/media/01.f036ccd1391338bbd2f2.jpg":"0c143f575b15ed9d5e221027b3536214c621b6c49deba1c9f9c28707f3c7977f","/static/media/02.15983a7f77bfd874d87a.jpg":"be2b7f5cf50a675f723e6f287f2cd3338965f1534dc0cac4ae33e0a00ed96910","/static/media/02.5804c61966a8035fbf39.jpg":"6be1c33289d5e90bd208b5455b2574d0a4da0cd912a4965b8a7fa82fe494c400","/static/media/03.7b951986a37dafc4b389.jpg":"c1c6277fd0c3fdde2472827bda7e7eaed75380e8d3bb963059b26952ab4a9a06","/static/media/04.1913900972f384736cd8.jpg":"e407d40928070352a5c3b27924ff69848082c5c8786e318d4fe0c960fccd5958","/static/media/04.ab4f9c58becd252841da.jpg":"1e46096c8cb3d7c15f93ba3d351a514c870db48b199c24b1b655f4abe029f154","/static/media/05.585e701bf3ac75d10e86.jpg":"72556f876807bcbbf208b419609fef6c60b2459f1a40a48581fb901015703e7b","/static/media/05.fde43c81318a9be1151c.jpg":"35c36dbec3849a94599251b6f59af1381f2a458c3d01e589c2121a4339506f15","/static/media/06.60be19b1d40d85dc2719.jpg":"64af002204c9a1ef541b7f53bcfedbbc22da7fea86095f67d8e4010ddb1bb2f2","/static/media/donated.62c5b9d354d2234d4d9f.jpg":"3440229f6a4a9a02cfcce24c3512c0a491ae1708f626e396b8c15806656edd44","/static/media/01.61ad29881a5b4c921370.jpg":"d74d5b7d93a3d06c3357ceb42fc2943187ec00361d9e979ec5c461c242c3d711","/static/media/01.d5f134f0257be2298b39.jpg":"33ce5bbbd6077e2d1b367a2ba267dee2c83266547d3444406df355de37e7b6d8","/static/media/02.256767c0a8f3dad283e3.jpg":"672dda396da44422cb230c20bc7597b4a3888e30ca56e0f5ab3d6064b377e373","/static/media/02.b13400c4aa87f1c064d1.jpg":"75e0d1986666974a82c7bf97a4fcde17561119aa4a5a6d7ac3f479a4e4214934","/static/media/artcenter02.336041d3e84164730e07.jpg":"23a2e49ae590b957fdde7cbed3ff2350e8016fa8ea8a5ae94bfbc9451ad37bb4","/static/media/hasBegun.097da376f505db7415aa.png":"0dc764c15871251b23af77c0321a98a5405135d9cca0d660073af92885f5671b","/static/media/03.60d59fe4f6fcd184cb37.jpg":"7c09a7076ca8972e9dddaa2aa4a91be6fbbcf755258cd2ec433de3e5fc5265f8","/static/media/03.63ebd97fa86de822a109.jpg":"e510f9e6c7fcdb5faf0ec85a7ce9d1e54ea541341f33e11c894130267cd53a78","/static/media/04.9ff84684f50fb42ec5d7.jpg":"3966574c714ea98a0bdb262873e554a36904a5ff94940bf9eb8533a682cee7fa","/static/media/04.97691f885f640dfccfc3.jpg":"10418b50ff701481f7067b44900350f6b4c8c326fa67e7cb129302bdfb6580c6","/static/js/main.6dfc34ec.js":"f3bf27ecda093b2e0ff4453580978f0981283c22fcfbb9f8cd2fb113a67d3425","/static/media/01.0dabd221bf735033bec5.jpg":"a1d85a70adc99739facc5e74c9149e588b21c591dad8141cefeed44f88528cd0","/static/media/02.edb91643ad42fa3a7ec1.jpg":"84b5ae20a9befe2c820217088b5d40ea73c1cf7454d4a9bfa2b9ba36e70dc68f","/static/media/03.54f692b64627fb2f410e.jpg":"857e08afd42536247a907f79c9dabd4debd5fac37a891ba7fb202d55c16168c9","/static/media/colors.f9fd4cd84614706a5384.jpg":"dc45e8fee3f228cbe356ff8073d09ea8a90fd661e1bef1dda9649f141e060a8b","/static/media/logo.67f30786b345456e5fca.png":"97bf5def81b90d1a91f77321e37309f6d8a0c0303a78a90e583b9fb12f21e820","/static/media/backdrop.cd906dd8d5348fad8f79.jpg":"c5063078b5eea8e4866f0ab37c3b3693f931ef043aefa587e56bfce2a22b9a21","/static/media/background.3a839a4ae7eec2914e45.jpg":"64eee9d236c8b88385688115d00b674372e9fee3beb657033070c3595059935f","/static/media/portrait.019efbefa1bb377e8baa.jpg":"d2f901268f04077d41eee07cf0e7e4698cb6fca25cfdb9beee415920688a48c5","/static/js/main.6dfc34ec.js.map":"08d403f8428058e1c41e68b8beb983e216acfca4882fe76d0a6954c61fd0c861","/static/media/salon.63adb2307f046331db28.jpg":"3873e08358d572786e289b09e6b6472f70e4f865c0aca0d70b5f2d70dee73f60"}}
[debug] [2022-01-18T16:08:29.080Z] <<< [apiv2][status] POST https://firebasehosting.googleapis.com/v1beta1/sites/art-association-982df/versions/d2cb905993a21039:populateFiles 200
[debug] [2022-01-18T16:08:29.081Z] <<< [apiv2][body] POST https://firebasehosting.googleapis.com/v1beta1/sites/art-association-982df/versions/d2cb905993a21039:populateFiles {"uploadRequiredHashes":["9b933c2cc84811ce9ec2c1d5c1ade7f404e39afc510068408d84ab7a55bf08d6","d24da8eb7bd6f1b77ece49c0d130e5204b475c832f5626f82e21ac319148fdcc","08d403f8428058e1c41e68b8beb983e216acfca4882fe76d0a6954c61fd0c861","c79028f464fdf2aa69bb007932948dcb1a71947e58559237978d613742d4a1e5","204979033d2ee866245fde60e5c2569a1d8df86bd969345c2418bf032cb10f39","f3bf27ecda093b2e0ff4453580978f0981283c22fcfbb9f8cd2fb113a67d3425"],"uploadUrl":"https://upload-firebasehosting.googleapis.com/upload/sites/art-association-982df/versions/d2cb905993a21039/files"}
[debug] [2022-01-18T16:08:29.086Z] >>> [apiv2][query] POST https://upload-firebasehosting.googleapis.com/upload/sites/art-association-982df/versions/d2cb905993a21039/files/9b933c2cc84811ce9ec2c1d5c1ade7f404e39afc510068408d84ab7a55bf08d6 [none]
[debug] [2022-01-18T16:08:29.086Z] >>> [apiv2][body] POST https://upload-firebasehosting.googleapis.com/upload/sites/art-association-982df/versions/d2cb905993a21039/files/9b933c2cc84811ce9ec2c1d5c1ade7f404e39afc510068408d84ab7a55bf08d6 [stream]
[debug] [2022-01-18T16:08:29.089Z] >>> [apiv2][query] POST https://upload-firebasehosting.googleapis.com/upload/sites/art-association-982df/versions/d2cb905993a21039/files/d24da8eb7bd6f1b77ece49c0d130e5204b475c832f5626f82e21ac319148fdcc [none]
[debug] [2022-01-18T16:08:29.089Z] >>> [apiv2][body] POST https://upload-firebasehosting.googleapis.com/upload/sites/art-association-982df/versions/d2cb905993a21039/files/d24da8eb7bd6f1b77ece49c0d130e5204b475c832f5626f82e21ac319148fdcc [stream]
[debug] [2022-01-18T16:08:29.091Z] >>> [apiv2][query] POST https://upload-firebasehosting.googleapis.com/upload/sites/art-association-982df/versions/d2cb905993a21039/files/08d403f8428058e1c41e68b8beb983e216acfca4882fe76d0a6954c61fd0c861 [none]
[debug] [2022-01-18T16:08:29.091Z] >>> [apiv2][body] POST https://upload-firebasehosting.googleapis.com/upload/sites/art-association-982df/versions/d2cb905993a21039/files/08d403f8428058e1c41e68b8beb983e216acfca4882fe76d0a6954c61fd0c861 [stream]
[debug] [2022-01-18T16:08:29.093Z] >>> [apiv2][query] POST https://upload-firebasehosting.googleapis.com/upload/sites/art-association-982df/versions/d2cb905993a21039/files/c79028f464fdf2aa69bb007932948dcb1a71947e58559237978d613742d4a1e5 [none]
[debug] [2022-01-18T16:08:29.093Z] >>> [apiv2][body] POST https://upload-firebasehosting.googleapis.com/upload/sites/art-association-982df/versions/d2cb905993a21039/files/c79028f464fdf2aa69bb007932948dcb1a71947e58559237978d613742d4a1e5 [stream]
[debug] [2022-01-18T16:08:29.096Z] >>> [apiv2][query] POST https://upload-firebasehosting.googleapis.com/upload/sites/art-association-982df/versions/d2cb905993a21039/files/204979033d2ee866245fde60e5c2569a1d8df86bd969345c2418bf032cb10f39 [none]
[debug] [2022-01-18T16:08:29.096Z] >>> [apiv2][body] POST https://upload-firebasehosting.googleapis.com/upload/sites/art-association-982df/versions/d2cb905993a21039/files/204979033d2ee866245fde60e5c2569a1d8df86bd969345c2418bf032cb10f39 [stream]
[debug] [2022-01-18T16:08:29.098Z] >>> [apiv2][query] POST https://upload-firebasehosting.googleapis.com/upload/sites/art-association-982df/versions/d2cb905993a21039/files/f3bf27ecda093b2e0ff4453580978f0981283c22fcfbb9f8cd2fb113a67d3425 [none]
[debug] [2022-01-18T16:08:29.098Z] >>> [apiv2][body] POST https://upload-firebasehosting.googleapis.com/upload/sites/art-association-982df/versions/d2cb905993a21039/files/f3bf27ecda093b2e0ff4453580978f0981283c22fcfbb9f8cd2fb113a67d3425 [stream]
[debug] [2022-01-18T16:08:29.100Z] [hosting][populate queue][FINAL] {"max":544,"min":544,"avg":544,"active":0,"complete":1,"success":1,"errored":0,"retried":0,"total":1,"elapsed":558}
[debug] [2022-01-18T16:08:29.100Z] [hosting] uploads queued: 6
[debug] [2022-01-18T16:08:29.624Z] <<< [apiv2][status] POST https://upload-firebasehosting.googleapis.com/upload/sites/art-association-982df/versions/d2cb905993a21039/files/204979033d2ee866245fde60e5c2569a1d8df86bd969345c2418bf032cb10f39 200
[debug] [2022-01-18T16:08:29.624Z] <<< [apiv2][body] POST https://upload-firebasehosting.googleapis.com/upload/sites/art-association-982df/versions/d2cb905993a21039/files/204979033d2ee866245fde60e5c2569a1d8df86bd969345c2418bf032cb10f39 [stream]
[debug] [2022-01-18T16:08:29.626Z] <<< [apiv2][status] POST https://upload-firebasehosting.googleapis.com/upload/sites/art-association-982df/versions/d2cb905993a21039/files/c79028f464fdf2aa69bb007932948dcb1a71947e58559237978d613742d4a1e5 200
[debug] [2022-01-18T16:08:29.627Z] <<< [apiv2][body] POST https://upload-firebasehosting.googleapis.com/upload/sites/art-association-982df/versions/d2cb905993a21039/files/c79028f464fdf2aa69bb007932948dcb1a71947e58559237978d613742d4a1e5 [stream]
[debug] [2022-01-18T16:08:29.644Z] <<< [apiv2][status] POST https://upload-firebasehosting.googleapis.com/upload/sites/art-association-982df/versions/d2cb905993a21039/files/d24da8eb7bd6f1b77ece49c0d130e5204b475c832f5626f82e21ac319148fdcc 200
[debug] [2022-01-18T16:08:29.644Z] <<< [apiv2][body] POST https://upload-firebasehosting.googleapis.com/upload/sites/art-association-982df/versions/d2cb905993a21039/files/d24da8eb7bd6f1b77ece49c0d130e5204b475c832f5626f82e21ac319148fdcc [stream]
[debug] [2022-01-18T16:08:29.659Z] <<< [apiv2][status] POST https://upload-firebasehosting.googleapis.com/upload/sites/art-association-982df/versions/d2cb905993a21039/files/9b933c2cc84811ce9ec2c1d5c1ade7f404e39afc510068408d84ab7a55bf08d6 200
[debug] [2022-01-18T16:08:29.659Z] <<< [apiv2][body] POST https://upload-firebasehosting.googleapis.com/upload/sites/art-association-982df/versions/d2cb905993a21039/files/9b933c2cc84811ce9ec2c1d5c1ade7f404e39afc510068408d84ab7a55bf08d6 [stream]
[debug] [2022-01-18T16:08:29.675Z] <<< [apiv2][status] POST https://upload-firebasehosting.googleapis.com/upload/sites/art-association-982df/versions/d2cb905993a21039/files/f3bf27ecda093b2e0ff4453580978f0981283c22fcfbb9f8cd2fb113a67d3425 200
[debug] [2022-01-18T16:08:29.675Z] <<< [apiv2][body] POST https://upload-firebasehosting.googleapis.com/upload/sites/art-association-982df/versions/d2cb905993a21039/files/f3bf27ecda093b2e0ff4453580978f0981283c22fcfbb9f8cd2fb113a67d3425 [stream]
[debug] [2022-01-18T16:08:29.825Z] <<< [apiv2][status] POST https://upload-firebasehosting.googleapis.com/upload/sites/art-association-982df/versions/d2cb905993a21039/files/08d403f8428058e1c41e68b8beb983e216acfca4882fe76d0a6954c61fd0c861 200
[debug] [2022-01-18T16:08:29.825Z] <<< [apiv2][body] POST https://upload-firebasehosting.googleapis.com/upload/sites/art-association-982df/versions/d2cb905993a21039/files/08d403f8428058e1c41e68b8beb983e216acfca4882fe76d0a6954c61fd0c861 [stream]
[debug] [2022-01-18T16:08:29.826Z] [hosting][upload queue][FINAL] {"max":741,"min":540,"avg":592.1666666666666,"active":0,"complete":6,"success":6,"errored":0,"retried":0,"total":6,"elapsed":745}
[info] +  hosting[art-association-982df]: file upload complete 
[debug] [2022-01-18T16:08:29.827Z] [hosting] deploy completed after 2221ms
[debug] [2022-01-18T16:08:29.829Z] [
  {
    "config": {
      "public": "build",
      "ignore": [
        "firebase.json",
        "**/.*",
        "**/node_modules/**"
      ],
      "rewrites": [
        {
          "source": "**",
          "destination": "/index.html"
        }
      ],
      "site": "art-association-982df"
    },
    "site": "art-association-982df",
    "version": "sites/art-association-982df/versions/d2cb905993a21039"
  }
]
[info] i  hosting[art-association-982df]: finalizing version... 
[debug] [2022-01-18T16:08:29.830Z] > refreshing access token with scopes: ["email","https://www.googleapis.com/auth/cloud-platform","https://www.googleapis.com/auth/cloudplatformprojects.readonly","https://www.googleapis.com/auth/firebase","openid"]
[debug] [2022-01-18T16:08:29.830Z] >>> HTTP REQUEST POST https://www.googleapis.com/oauth2/v3/token  
 <request body omitted>
[debug] [2022-01-18T16:08:29.926Z] <<< HTTP RESPONSE 200 {"pragma":"no-cache","cache-control":"no-cache, no-store, max-age=0, must-revalidate","expires":"Mon, 01 Jan 1990 00:00:00 GMT","date":"Tue, 18 Jan 2022 16:08:51 GMT","content-type":"application/json; charset=utf-8","vary":"X-Origin, Referer, Origin,Accept-Encoding","server":"scaffolding on HTTPServer2","x-xss-protection":"0","x-frame-options":"SAMEORIGIN","x-content-type-options":"nosniff","alt-svc":"h3=\":443\"; ma=2592000,h3-29=\":443\"; ma=2592000,h3-Q050=\":443\"; ma=2592000,h3-Q046=\":443\"; ma=2592000,h3-Q043=\":443\"; ma=2592000,quic=\":443\"; ma=2592000; v=\"46,43\"","accept-ranges":"none","transfer-encoding":"chunked"}
[debug] [2022-01-18T16:08:29.938Z] >>> HTTP REQUEST PATCH https://firebasehosting.googleapis.com/v1beta1/sites/art-association-982df/versions/d2cb905993a21039?updateMask=status  
 {"status":"FINALIZED"}
[debug] [2022-01-18T16:08:30.180Z] <<< HTTP RESPONSE 200 {"content-type":"application/json; charset=UTF-8","vary":"X-Origin, Referer, Origin,Accept-Encoding","date":"Tue, 18 Jan 2022 16:08:51 GMT","server":"ESF","cache-control":"private","x-xss-protection":"0","x-frame-options":"SAMEORIGIN","x-content-type-options":"nosniff","alt-svc":"h3=\":443\"; ma=2592000,h3-29=\":443\"; ma=2592000,h3-Q050=\":443\"; ma=2592000,h3-Q046=\":443\"; ma=2592000,h3-Q043=\":443\"; ma=2592000,quic=\":443\"; ma=2592000; v=\"46,43\"","accept-ranges":"none","transfer-encoding":"chunked"}
[debug] [2022-01-18T16:08:30.181Z] [hosting] finalized version for art-association-982df: {"name":"sites/art-association-982df/versions/d2cb905993a21039","status":"FINALIZED","config":{"rewrites":[{"glob":"**","path":"/index.html"}]},"labels":{"deployment-tool":"cli-firebase"},"createTime":"2022-01-18T16:08:49.113060Z","createUser":{"email":"jonnybio8219@gmail.com"},"finalizeTime":"2022-01-18T16:08:51.916893Z","finalizeUser":{"email":"jonnybio8219@gmail.com"}}
[info] +  hosting[art-association-982df]: version finalized 
[info] i  hosting[art-association-982df]: releasing new version... 
[debug] [2022-01-18T16:08:30.183Z] >>> HTTP REQUEST POST https://firebasehosting.googleapis.com/v1beta1/sites/art-association-982df/releases?version_name=sites/art-association-982df/versions/d2cb905993a21039  
 {"message":null}
[debug] [2022-01-18T16:08:31.204Z] <<< HTTP RESPONSE 200 {"content-type":"application/json; charset=UTF-8","vary":"X-Origin, Referer, Origin,Accept-Encoding","date":"Tue, 18 Jan 2022 16:08:52 GMT","server":"ESF","cache-control":"private","x-xss-protection":"0","x-frame-options":"SAMEORIGIN","x-content-type-options":"nosniff","alt-svc":"h3=\":443\"; ma=2592000,h3-29=\":443\"; ma=2592000,h3-Q050=\":443\"; ma=2592000,h3-Q046=\":443\"; ma=2592000,h3-Q043=\":443\"; ma=2592000,quic=\":443\"; ma=2592000; v=\"46,43\"","accept-ranges":"none","transfer-encoding":"chunked"}
[debug] [2022-01-18T16:08:31.205Z] [hosting] release: {"name":"sites/art-association-982df/releases/1642522131719355","version":{"name":"sites/art-association-982df/versions/d2cb905993a21039","status":"FINALIZED","config":{"rewrites":[{"glob":"**","path":"/index.html"}]},"labels":{"deployment-tool":"cli-firebase"},"createTime":"2022-01-18T16:08:49.113060Z","createUser":{"email":"jonnybio8219@gmail.com"},"finalizeTime":"2022-01-18T16:08:51.916893Z","finalizeUser":{"email":"jonnybio8219@gmail.com"}},"type":"DEPLOY","releaseTime":"2022-01-18T16:08:51.719355239Z","releaseUser":{"email":"jonnybio8219@gmail.com"}}
[info] +  hosting[art-association-982df]: release complete 
